Arguments: 
  C:\Program Files\nodejs\node.exe C:\Users\USER\AppData\Roaming\npm\node_modules\yarn\bin\yarn.js add @react-native-firebase/auth

PATH: 
  C:\Program Files (x86)\Common Files\Oracle\Java\javapath;C:\Windows\system32;C:\Windows;C:\Windows\System32\Wbem;C:\Windows\System32\WindowsPowerShell\v1.0\;C:\Windows\System32\OpenSSH\;C:\Program Files (x86)\NVIDIA Corporation\PhysX\Common;C:\Program Files\NVIDIA Corporation\NVIDIA NvDLISR;C:\Program Files\MATLAB\R2018a\runtime\win64;C:\Program Files\MATLAB\R2018a\bin;C:\Program Files\nodejs\;C:\Users\USER\AppData\Local\Microsoft\WindowsApps;C:\Users\USER\AppData\Roaming\npm;C:\Users\USER\Desktop\Adan\nodejsfile\Microsoft VS Code\bin

Yarn version: 
  1.22.4

Node version: 
  12.18.2

Platform: 
  win32 x64

Trace: 
  Error: EPERM: operation not permitted, unlink 'C:\Users\USER\Desktop\Adan\fyproject\node_modules\@babel\helper-call-delegate\lib'

npm manifest: 
  {
    "main": "node_modules/expo/AppEntry.js",
    "scripts": {
      "start": "expo start",
      "android": "expo start --android",
      "ios": "expo start --ios",
      "web": "expo start --web",
      "eject": "expo eject"
    },
    "dependencies": {
      "@react-native-community/masked-view": "^0.1.7",
      "@react-native-firebase/app": "^8.0.0",
      "@react-navigation/native": "^5.0.9",
      "expo": "^35.0.0",
      "native": "^0.3.3",
      "navigation": "^5.2.0",
      "react": "^16.8.3",
      "react-dom": "16.8.3",
      "react-native": "https://github.com/expo/react-native/archive/sdk-35.0.0.tar.gz",
      "react-native-app-intro-slider": "^3.0.0",
      "react-native-elements": "^1.2.7",
      "react-native-gesture-handler": "~1.3.0",
      "react-native-hide-show-password-input": "^1.1.0",
      "react-native-reanimated": "~1.2.0",
      "react-native-safe-area-context": "~0.3.6",
      "react-native-screens": "~1.0.0-alpha.23",
      "react-native-web": "^0.11.7",
      "react-navigation": "^4.2.2",
      "react-navigation-stack": "^2.2.3"
    },
    "devDependencies": {
      "babel-preset-expo": "^7.0.0",
      "@babel/core": "^7.0.0"
    },
    "private": true
  }

yarn manifest: 
  No manifest

Lockfile: 
  No lockfile
